loading app broadcast_controller.py
loading app ryu.controller.ofp_handler
instantiating app broadcast_controller.py of BroadcastController
=== Broadcast Traffic Control Controller Started ===
instantiating app ryu.controller.ofp_handler of OFPHandler
BRICK BroadcastController
  CONSUMES EventOFPFlowStatsReply
  CONSUMES EventOFPPacketIn
  CONSUMES EventOFPSwitchFeatures
BRICK ofp_event
  PROVIDES EventOFPFlowStatsReply TO {'BroadcastController': {'main'}}
  PROVIDES EventOFPPacketIn TO {'BroadcastController': {'main'}}
  PROVIDES EventOFPSwitchFeatures TO {'BroadcastController': {'config'}}
  CONSUMES EventOFPEchoReply
  CONSUMES EventOFPEchoRequest
  CONSUMES EventOFPErrorMsg
  CONSUMES EventOFPHello
  CONSUMES EventOFPPortDescStatsReply
  CONSUMES EventOFPPortStatus
  CONSUMES EventOFPSwitchFeatures
connected socket:<eventlet.greenio.base.GreenSocket object at 0xffff91a85220> address:('127.0.0.1', 45938)
hello ev <ryu.controller.ofp_event.EventOFPHello object at 0xffff91a76970>
move onto config mode
EVENT ofp_event->BroadcastController EventOFPSwitchFeatures
switch features ev version=0x4,msg_type=0x6,msg_len=0x20,xid=0x6ba884ee,OFPSwitchFeatures(auxiliary_id=0,capabilities=79,datapath_id=1,n_buffers=0,n_tables=254)
Switch 1 connected. Table-miss rule installed.
move onto main mode
EVENT ofp_event->BroadcastController EventOFPPacketIn
[UNKNOWN DST] Flooding for dst=33:33:00:00:00:02 (will learn on reply)
